NOTE: Picked up JDK_JAVA_OPTIONS:  --add-opens=java.base/java.lang=ALL-UNNAMED --add-opens=java.base/java.io=ALL-UNNAMED --add-opens=java.rmi/sun.rmi.transport=ALL-UNNAMED
29-Jul-2020 12:21:50.524 信息 [main] org.apache.catalina.startup.VersionLoggerListener.log Server.服务器版本:     Apache Tomcat/9.0.34
29-Jul-2020 12:21:50.530 信息 [main] org.apache.catalina.startup.VersionLoggerListener.log 服务器构建:            Apr 3 2020 12:02:52 UTC
29-Jul-2020 12:21:50.530 信息 [main] org.apache.catalina.startup.VersionLoggerListener.log 服务器版本号(：9.0.34.0
29-Jul-2020 12:21:50.530 信息 [main] org.apache.catalina.startup.VersionLoggerListener.log OS Name:               Mac OS X
29-Jul-2020 12:21:50.531 信息 [main] org.apache.catalina.startup.VersionLoggerListener.log OS.版本:               10.14.6
29-Jul-2020 12:21:50.531 信息 [main] org.apache.catalina.startup.VersionLoggerListener.log 架构:                  x86_64
29-Jul-2020 12:21:50.531 信息 [main] org.apache.catalina.startup.VersionLoggerListener.log Java 环境变量:         /Library/Java/JavaVirtualMachines/jdk-12.0.1.jdk/Contents/Home
29-Jul-2020 12:21:50.531 信息 [main] org.apache.catalina.startup.VersionLoggerListener.log JVM 版本:              12.0.1+12
29-Jul-2020 12:21:50.531 信息 [main] org.apache.catalina.startup.VersionLoggerListener.log JVM.供应商:            Oracle Corporation
29-Jul-2020 12:21:50.532 信息 [main] org.apache.catalina.startup.VersionLoggerListener.log CATALINA_BASE：[/Users/liuxiaoyong/Desktop/Personal/backend_project/apache-tomcat-9.0.34]
29-Jul-2020 12:21:50.532 信息 [main] org.apache.catalina.startup.VersionLoggerListener.log CATALINA_HOME:         /Users/liuxiaoyong/Desktop/Personal/backend_project/apache-tomcat-9.0.34
29-Jul-2020 12:21:50.546 信息 [main] org.apache.catalina.startup.VersionLoggerListener.log 命令行参数：[--add-opens=java.base/java.lang=ALL-UNNAMED]
29-Jul-2020 12:21:50.546 信息 [main] org.apache.catalina.startup.VersionLoggerListener.log 命令行参数：[--add-opens=java.base/java.io=ALL-UNNAMED]
29-Jul-2020 12:21:50.546 信息 [main] org.apache.catalina.startup.VersionLoggerListener.log 命令行参数：[--add-opens=java.rmi/sun.rmi.transport=ALL-UNNAMED]
29-Jul-2020 12:21:50.546 信息 [main] org.apache.catalina.startup.VersionLoggerListener.log 命令行参数：[-Djava.util.logging.config.file=/Users/liuxiaoyong/Desktop/Personal/backend_project/apache-tomcat-9.0.34/conf/logging.properties]
29-Jul-2020 12:21:50.547 信息 [main] org.apache.catalina.startup.VersionLoggerListener.log 命令行参数：[-Djava.util.logging.manager=org.apache.juli.ClassLoaderLogManager]
29-Jul-2020 12:21:50.547 信息 [main] org.apache.catalina.startup.VersionLoggerListener.log 命令行参数：[-Djdk.tls.ephemeralDHKeySize=2048]
29-Jul-2020 12:21:50.547 信息 [main] org.apache.catalina.startup.VersionLoggerListener.log 命令行参数：[-Djava.protocol.handler.pkgs=org.apache.catalina.webresources]
29-Jul-2020 12:21:50.547 信息 [main] org.apache.catalina.startup.VersionLoggerListener.log 命令行参数：[-Dorg.apache.catalina.security.SecurityListener.UMASK=0027]
29-Jul-2020 12:21:50.547 信息 [main] org.apache.catalina.startup.VersionLoggerListener.log 命令行参数：[-Dignore.endorsed.dirs=]
29-Jul-2020 12:21:50.547 信息 [main] org.apache.catalina.startup.VersionLoggerListener.log 命令行参数：[-Dcatalina.base=/Users/liuxiaoyong/Desktop/Personal/backend_project/apache-tomcat-9.0.34]
29-Jul-2020 12:21:50.547 信息 [main] org.apache.catalina.startup.VersionLoggerListener.log 命令行参数：[-Dcatalina.home=/Users/liuxiaoyong/Desktop/Personal/backend_project/apache-tomcat-9.0.34]
29-Jul-2020 12:21:50.547 信息 [main] org.apache.catalina.startup.VersionLoggerListener.log 命令行参数：[-Djava.io.tmpdir=/Users/liuxiaoyong/Desktop/Personal/backend_project/apache-tomcat-9.0.34/temp]
29-Jul-2020 12:21:50.547 信息 [main] org.apache.catalina.core.AprLifecycleListener.lifecycleEvent The APR based Apache Tomcat Native library which allows optimal performance in production environments was not found on the java.library.path: [/Users/liuxiaoyong/Library/Java/Extensions:/Library/Java/Extensions:/Network/Library/Java/Extensions:/System/Library/Java/Extensions:/usr/lib/java:.]
29-Jul-2020 12:21:50.790 信息 [main] org.apache.coyote.AbstractProtocol.init 初始化协议处理器 ["http-nio-8080"]
29-Jul-2020 12:21:50.829 信息 [main] org.apache.catalina.startup.Catalina.load 服务器在[523]毫秒内初始化
29-Jul-2020 12:21:50.868 信息 [main] org.apache.catalina.core.StandardService.startInternal Starting service [Catalina]
29-Jul-2020 12:21:50.868 信息 [main] org.apache.catalina.core.StandardEngine.startInternal 正在启动 Servlet 引擎：[Apache Tomcat/9.0.34]
29-Jul-2020 12:21:50.874 信息 [main] org.apache.catalina.startup.HostConfig.deployDirectory 把web 应用程序部署到目录 [/Users/liuxiaoyong/Desktop/Personal/backend_project/apache-tomcat-9.0.34/webapps/docs]
29-Jul-2020 12:21:51.102 信息 [main] org.apache.catalina.startup.HostConfig.deployDirectory Deployment of web application directory [/Users/liuxiaoyong/Desktop/Personal/backend_project/apache-tomcat-9.0.34/webapps/docs] has finished in [228] ms
29-Jul-2020 12:21:51.102 信息 [main] org.apache.catalina.startup.HostConfig.deployDirectory 把web 应用程序部署到目录 [/Users/liuxiaoyong/Desktop/Personal/backend_project/apache-tomcat-9.0.34/webapps/manager]
29-Jul-2020 12:21:51.137 信息 [main] org.apache.catalina.startup.HostConfig.deployDirectory Deployment of web application directory [/Users/liuxiaoyong/Desktop/Personal/backend_project/apache-tomcat-9.0.34/webapps/manager] has finished in [34] ms
29-Jul-2020 12:21:51.137 信息 [main] org.apache.catalina.startup.HostConfig.deployDirectory 把web 应用程序部署到目录 [/Users/liuxiaoyong/Desktop/Personal/backend_project/apache-tomcat-9.0.34/webapps/examples]
29-Jul-2020 12:21:51.388 信息 [main] org.apache.catalina.startup.HostConfig.deployDirectory Deployment of web application directory [/Users/liuxiaoyong/Desktop/Personal/backend_project/apache-tomcat-9.0.34/webapps/examples] has finished in [251] ms
29-Jul-2020 12:21:51.388 信息 [main] org.apache.catalina.startup.HostConfig.deployDirectory 把web 应用程序部署到目录 [/Users/liuxiaoyong/Desktop/Personal/backend_project/apache-tomcat-9.0.34/webapps/ROOT]
29-Jul-2020 12:21:51.402 信息 [main] org.apache.catalina.startup.HostConfig.deployDirectory Deployment of web application directory [/Users/liuxiaoyong/Desktop/Personal/backend_project/apache-tomcat-9.0.34/webapps/ROOT] has finished in [14] ms
29-Jul-2020 12:21:51.402 信息 [main] org.apache.catalina.startup.HostConfig.deployDirectory 把web 应用程序部署到目录 [/Users/liuxiaoyong/Desktop/Personal/backend_project/apache-tomcat-9.0.34/webapps/host-manager]
29-Jul-2020 12:21:51.416 信息 [main] org.apache.catalina.startup.HostConfig.deployDirectory Deployment of web application directory [/Users/liuxiaoyong/Desktop/Personal/backend_project/apache-tomcat-9.0.34/webapps/host-manager] has finished in [14] ms
29-Jul-2020 12:21:51.421 信息 [main] org.apache.coyote.AbstractProtocol.start 开始协议处理句柄["http-nio-8080"]
29-Jul-2020 12:21:51.429 信息 [main] org.apache.catalina.startup.Catalina.start Server startup in [600] milliseconds
29-Jul-2020 12:27:15.608 信息 [main] org.apache.catalina.core.StandardServer.await A valid shutdown command was received via the shutdown port. Stopping the Server instance.
29-Jul-2020 12:27:15.609 信息 [main] org.apache.coyote.AbstractProtocol.pause Pausing ProtocolHandler ["http-nio-8080"]
29-Jul-2020 12:27:15.618 信息 [main] org.apache.catalina.core.StandardService.stopInternal 正在停止服务[Catalina]
29-Jul-2020 12:27:15.644 信息 [main] org.apache.coyote.AbstractProtocol.stop 正在停止ProtocolHandler ["http-nio-8080"]
29-Jul-2020 12:27:15.648 信息 [main] org.apache.coyote.AbstractProtocol.destroy 正在摧毁协议处理器 ["http-nio-8080"]
