29-Jul-2020 11:52:16.181 信息 [main] org.apache.catalina.core.ApplicationContext.log ContextListener: contextInitialized()
29-Jul-2020 11:52:16.181 信息 [main] org.apache.catalina.core.ApplicationContext.log SessionListener: contextInitialized()
29-Jul-2020 11:52:16.182 信息 [main] org.apache.catalina.core.ApplicationContext.log ContextListener: attributeAdded('StockTicker', 'async.Stockticker@83298d7')
29-Jul-2020 11:52:50.071 信息 [Thread-3] org.apache.catalina.core.ApplicationContext.log SessionListener: contextDestroyed()
29-Jul-2020 11:52:50.073 信息 [Thread-3] org.apache.catalina.core.ApplicationContext.log ContextListener: contextDestroyed()
29-Jul-2020 12:21:51.383 信息 [main] org.apache.catalina.core.ApplicationContext.log ContextListener: contextInitialized()
29-Jul-2020 12:21:51.383 信息 [main] org.apache.catalina.core.ApplicationContext.log SessionListener: contextInitialized()
29-Jul-2020 12:21:51.384 信息 [main] org.apache.catalina.core.ApplicationContext.log ContextListener: attributeAdded('StockTicker', 'async.Stockticker@6d24ffa1')
29-Jul-2020 12:22:36.338 信息 [main] org.apache.catalina.core.ApplicationContext.log ContextListener: contextInitialized()
29-Jul-2020 12:22:36.338 信息 [main] org.apache.catalina.core.ApplicationContext.log SessionListener: contextInitialized()
29-Jul-2020 12:22:36.339 信息 [main] org.apache.catalina.core.ApplicationContext.log ContextListener: attributeAdded('StockTicker', 'async.Stockticker@40e10ff8')
29-Jul-2020 12:22:36.392 信息 [main] org.apache.catalina.core.ApplicationContext.log SessionListener: contextDestroyed()
29-Jul-2020 12:22:36.392 信息 [main] org.apache.catalina.core.ApplicationContext.log ContextListener: contextDestroyed()
29-Jul-2020 12:22:54.675 信息 [main] org.apache.catalina.core.ApplicationContext.log ContextListener: contextInitialized()
29-Jul-2020 12:22:54.675 信息 [main] org.apache.catalina.core.ApplicationContext.log SessionListener: contextInitialized()
29-Jul-2020 12:22:54.676 信息 [main] org.apache.catalina.core.ApplicationContext.log ContextListener: attributeAdded('StockTicker', 'async.Stockticker@40e10ff8')
29-Jul-2020 12:22:54.730 信息 [main] org.apache.catalina.core.ApplicationContext.log SessionListener: contextDestroyed()
29-Jul-2020 12:22:54.731 信息 [main] org.apache.catalina.core.ApplicationContext.log ContextListener: contextDestroyed()
29-Jul-2020 12:23:05.046 信息 [main] org.apache.catalina.core.ApplicationContext.log ContextListener: contextInitialized()
29-Jul-2020 12:23:05.046 信息 [main] org.apache.catalina.core.ApplicationContext.log SessionListener: contextInitialized()
29-Jul-2020 12:23:05.047 信息 [main] org.apache.catalina.core.ApplicationContext.log ContextListener: attributeAdded('StockTicker', 'async.Stockticker@275fe372')
29-Jul-2020 12:23:05.099 信息 [main] org.apache.catalina.core.ApplicationContext.log SessionListener: contextDestroyed()
29-Jul-2020 12:23:05.099 信息 [main] org.apache.catalina.core.ApplicationContext.log ContextListener: contextDestroyed()
29-Jul-2020 12:27:15.633 信息 [main] org.apache.catalina.core.ApplicationContext.log SessionListener: contextDestroyed()
29-Jul-2020 12:27:15.633 信息 [main] org.apache.catalina.core.ApplicationContext.log ContextListener: contextDestroyed()
29-Jul-2020 12:27:56.194 信息 [main] org.apache.catalina.core.ApplicationContext.log ContextListener: contextInitialized()
29-Jul-2020 12:27:56.194 信息 [main] org.apache.catalina.core.ApplicationContext.log SessionListener: contextInitialized()
29-Jul-2020 12:27:56.196 信息 [main] org.apache.catalina.core.ApplicationContext.log ContextListener: attributeAdded('StockTicker', 'async.Stockticker@83298d7')
29-Jul-2020 12:31:17.843 信息 [Thread-3] org.apache.catalina.core.ApplicationContext.log SessionListener: contextDestroyed()
29-Jul-2020 12:31:17.844 信息 [Thread-3] org.apache.catalina.core.ApplicationContext.log ContextListener: contextDestroyed()
